<?xml version="1.0" encoding="UTF-8"?>
<!-- Generated by org.testng.reporters.JUnitXMLReporter -->
<testsuite ignored="0" hostname="LAPTOP-BLRQT2SS" failures="0" tests="3" name="Default test" time="25.129" errors="0" timestamp="2026-03-15T13:51:33 IST">
  <testcase classname="listerner.orangehrmtest" name="hrm" time="17.321"/>
  <testcase classname="listerner.orangehrmtest" name="admin" time="5.067"/>
  <testcase classname="listerner.orangehrmtest" name="logoot" time="2.642"/>
</testsuite> <!-- Default test -->
