<?xml version="1.0" encoding="UTF-8"?>
<!-- Generated by org.testng.reporters.JUnitReportReporter -->
<testsuite hostname="LAPTOP-BLRQT2SS" failures="0" tests="3" name="listerner.orangehrmtest" time="42.138" errors="0" timestamp="2026-03-15T14:15:46 IST" skipped="0">
  <testcase classname="listerner.orangehrmtest" name="hrm" time="34.019"/>
  <testcase classname="listerner.orangehrmtest" name="admin" time="5.553"/>
  <testcase classname="listerner.orangehrmtest" name="logoot" time="2.566"/>
</testsuite> <!-- listerner.orangehrmtest -->
