<?xml version="1.0" encoding="UTF-8"?>
<!-- Generated by org.testng.reporters.JUnitReportReporter -->
<testsuite hostname="LAPTOP-BLRQT2SS" failures="0" tests="2" name="Testng1.Testng1.dataproviderdemo" time="48.663" errors="0" timestamp="2026-03-14T18:50:37 IST" skipped="0">
  <testcase classname="Testng1.Testng1.dataproviderdemo" name="launchGooglePage" time="27.423"/>
  <testcase classname="Testng1.Testng1.dataproviderdemo" name="launchGooglePage" time="21.240"/>
</testsuite> <!-- Testng1.Testng1.dataproviderdemo -->
