<?xml version="1.0" encoding="UTF-8"?>
<!-- Generated by org.testng.reporters.JUnitReportReporter -->
<testsuite hostname="LAPTOP-BLRQT2SS" failures="0" tests="2" name="Testng1.Testng1.orangetestcse" time="22.505" errors="0" timestamp="2026-03-14T01:07:34 IST" skipped="1">
  <testcase classname="Testng1.Testng1.orangetestcse" name="myinfo" time="22.505"/>
  <testcase classname="Testng1.Testng1.orangetestcse" name="logout">
    <skipped/>
  </testcase> <!-- logout -->
</testsuite> <!-- Testng1.Testng1.orangetestcse -->
